<?xml version="1.0" encoding="UTF-8"?>
<testsuite name="com.littlethingsandroidai.core.persistence.SessionServiceTest" tests="3" skipped="0" failures="0" errors="0" timestamp="2026-07-05T05:00:41.285Z" hostname="lirenjundeMacBook-Pro.local" time="0.005">
  <properties/>
  <testcase name="clear removes both tokens" classname="com.littlethingsandroidai.core.persistence.SessionServiceTest" time="0.001"/>
  <testcase name="refresh token persists across new SessionService instance" classname="com.littlethingsandroidai.core.persistence.SessionServiceTest" time="0.003"/>
  <testcase name="updateTokens stores access in memory and refresh in secure storage" classname="com.littlethingsandroidai.core.persistence.SessionServiceTest" time="0.0"/>
  <system-out><![CDATA[]]></system-out>
  <system-err><![CDATA[]]></system-err>
</testsuite>
