<?xml version="1.0" encoding="UTF-8"?>
<testsuite name="com.littlethingsandroidai.core.network.ApiClientTest" tests="2" skipped="0" failures="0" errors="0" timestamp="2026-07-05T04:42:34.576Z" hostname="lirenjundeMacBook-Pro.local" time="0.153">
  <properties/>
  <testcase name="sendRequest returns body on 200" classname="com.littlethingsandroidai.core.network.ApiClientTest" time="0.143"/>
  <testcase name="sendRequest retries on 503 up to maxRetry plus one attempts" classname="com.littlethingsandroidai.core.network.ApiClientTest" time="0.008"/>
  <system-out><![CDATA[]]></system-out>
  <system-err><![CDATA[]]></system-err>
</testsuite>
